<?xml version="1.0" encoding="UTF-8"?>
<!-- Generated by org.testng.reporters.JUnitReportReporter -->
<testsuite hostname="01HW1842040" failures="0" tests="3" name="com.sdn.facebook.testcases.FacebookHomePageVerification" time="0.092" errors="0" timestamp="2023-11-04T01:39:39 IST" skipped="0">
  <testcase classname="com.sdn.facebook.testcases.FacebookHomePageVerification" name="titleVerify" time="0.010"/>
  <system-out/>
  <testcase classname="com.sdn.facebook.testcases.FacebookHomePageVerification" name="logoVerify" time="0.057"/>
  <system-out/>
  <testcase classname="com.sdn.facebook.testcases.FacebookHomePageVerification" name="buttonVerify" time="0.025"/>
  <system-out/>
</testsuite> <!-- com.sdn.facebook.testcases.FacebookHomePageVerification -->
