<?xml version="1.0" encoding="UTF-8"?>
<!-- Generated by org.testng.reporters.JUnitReportReporter -->
<testsuite hostname="01HW1842040" failures="0" tests="3" name="com.sdn.gitbash.InitializeTestGitBash" time="5.150" errors="0" timestamp="2023-10-24T01:31:46 IST" skipped="0">
  <testcase classname="com.sdn.gitbash.InitializeTestGitBash" name="verifyLoginPage" time="0.044"/>
  <system-out/>
  <testcase classname="com.sdn.gitbash.InitializeTestGitBash" name="takeScreenshot" time="0.200"/>
  <system-out/>
  <testcase classname="com.sdn.gitbash.InitializeTestGitBash" name="openBrowser" time="4.906"/>
  <system-out/>
</testsuite> <!-- com.sdn.gitbash.InitializeTestGitBash -->
